android/app/build/outputs/mapping/release/mapping.txt
# compiler: R8
# compiler_version: 1.4.94
# min_api: 16
com.test.MainActivity -> com.test.MainActivity:
    java.lang.String getMainComponentName() -> n
com.test.MainApplication -> com.test.MainApplication:
    com.facebook.react.ReactNativeHost mReactNativeHost -> a
    com.facebook.react.ReactNativeHost getReactNativeHost() -> a
com.test.MainApplication$1 -> com.test.a:
    com.test.MainApplication this$0 -> c
    java.lang.String getJSMainModuleName() -> e
    java.util.List getPackages() -> g
    boolean getUseDeveloperSupport() -> k
...
com.facebook.react.animated.AnimationDriver -> com.facebook.react.animated.d:
    com.facebook.react.bridge.Callback mEndCallback -> c
    com.facebook.react.animated.ValueAnimatedNode mAnimatedValue -> b
    int mId -> d
    boolean mHasFinished -> a
    void resetConfig(com.facebook.react.bridge.ReadableMap) -> a
    void runAnimationStep(long) -> a
com.facebook.react.animated.DecayAnimation -> com.facebook.react.animated.e:
    int mIterations -> j
    int mCurrentLoop -> k
    long mStartFrameTimeMillis -> g
    double mVelocity -> e
    double mDeceleration -> f
    double mFromValue -> h
    double mLastValue -> i
    void resetConfig(com.facebook.react.bridge.ReadableMap) -> a
    void runAnimationStep(long) -> a
com.facebook.react.animated.DiffClampAnimatedNode -> com.facebook.react.animated.f:
    double mMin -> j
    double mMax -> k
    double mLastValue -> l
    com.facebook.react.animated.NativeAnimatedNodesManager mNativeAnimatedNodesManager -> h
    int mInputNodeTag -> i
    void update() -> a
    double getInputNodeValue() -> f
com.facebook.react.animated.DivisionAnimatedNode -> com.facebook.react.animated.g:
    int[] mInputNodes -> i
    com.facebook.react.animated.NativeAnimatedNodesManager mNativeAnimatedNodesManager -> h
    void update() -> a
com.facebook.react.animated.FrameBasedAnimationDriver -> com.facebook.react.animated.h:
    int mCurrentLoop -> j
    long mStartFrameTimeNanos -> e
    int mIterations -> i
    double[] mFrames -> f
    double mToValue -> g
    double mFromValue -> h
    void resetConfig(com.facebook.react.bridge.ReadableMap) -> a
    void runAnimationStep(long) -> a
com.facebook.react.animated.InterpolationAnimatedNode -> com.facebook.react.animated.i:
    java.lang.String mExtrapolateRight -> k
    java.lang.String mExtrapolateLeft -> j
    double[] mInputRange -> h
    double[] mOutputRange -> i
    com.facebook.react.animated.ValueAnimatedNode mParent -> l
    int findRangeIndex(double,double[]) -> a
    double[] fromDoubleArray(com.facebook.react.bridge.ReadableArray) -> a
    double interpolate(double,double,double,double,double,java.lang.String,java.lang.String) -> a
    double interpolate(double,double[],double[],java.lang.String,java.lang.String) -> a
    void update() -> a
    void onAttachedToNode(com.facebook.react.animated.AnimatedNode) -> b
    void onDetachedFromNode(com.facebook.react.animated.AnimatedNode) -> c
com.facebook.react.animated.ModulusAnimatedNode -> com.facebook.react.animated.j:
    double mModulus -> j
    com.facebook.react.animated.NativeAnimatedNodesManager mNativeAnimatedNodesManager -> h
    int mInputNode -> i
    void update() -> a
com.facebook.react.animated.MultiplicationAnimatedNode -> com.facebook.react.animated.k:
    int[] mInputNodes -> i
    com.facebook.react.animated.NativeAnimatedNodesManager mNativeAnimatedNodesManager -> h
    void update() -> a
com.facebook.react.animated.NativeAnimatedModule$1 -> com.facebook.react.animated.v:
    com.facebook.react.animated.NativeAnimatedModule this$0 -> c
    void doFrameGuarded(long) -> b
com.facebook.react.animated.NativeAnimatedModule$10 -> com.facebook.react.animated.l:
    double val$value -> b
    com.facebook.react.animated.NativeAnimatedModule this$0 -> c
    int val$tag -> a
    void execute(com.facebook.react.animated.NativeAnimatedNodesManager) -> a
com.facebook.react.animated.NativeAnimatedModule$11 -> com.facebook.react.animated.m:
    com.facebook.react.animated.NativeAnimatedModule this$0 -> b
    int val$tag -> a
    void execute(com.facebook.react.animated.NativeAnimatedNodesManager) -> a
com.facebook.react.animated.NativeAnimatedModule$12 -> com.facebook.react.animated.n:
    com.facebook.react.animated.NativeAnimatedModule this$0 -> b
    int val$tag -> a
    void execute(com.facebook.react.animated.NativeAnimatedNodesManager) -> a